<?xml version="1.0" encoding="UTF-8"?>
<testsuite name="lab0.Variant5Test" tests="18" skipped="0" failures="0" errors="0" timestamp="2022-10-23T14:49:25" hostname="DESKTOP-9664I9Q" time="0.284">
  <properties/>
  <testcase name="arrayTest[0](5, [I@19e7a160)" classname="lab0.Variant5Test" time="0.025"/>
  <testcase name="booleanTest[0](1, -3, true)" classname="lab0.Variant5Test" time="0.001"/>
  <testcase name="booleanTest[1](3, 14, true)" classname="lab0.Variant5Test" time="0.001"/>
  <testcase name="booleanTest[2](-5, 4, false)" classname="lab0.Variant5Test" time="0.0"/>
  <testcase name="forTest[0](10, [D@10f7f7de)" classname="lab0.Variant5Test" time="0.046"/>
  <testcase name="forTest[0](1, -3, 2, 4)" classname="lab0.Variant5Test" time="0.005"/>
  <testcase name="forTest[1](3, 14, 3, 42)" classname="lab0.Variant5Test" time="0.002"/>
  <testcase name="forTest[2](-10, -5, 4, 2)" classname="lab0.Variant5Test" time="0.006"/>
  <testcase name="ifTest[0](1, -3, 2, 2)" classname="lab0.Variant5Test" time="0.001"/>
  <testcase name="ifTest[1](3, 14, 3, 3)" classname="lab0.Variant5Test" time="0.002"/>
  <testcase name="ifTest[2](-5, -44, 17, 1)" classname="lab0.Variant5Test" time="0.008"/>
  <testcase name="integerTest[0](100, 99, 1)" classname="lab0.Variant5Test" time="0.003"/>
  <testcase name="integerTest[1](12, 12, 0)" classname="lab0.Variant5Test" time="0.004"/>
  <testcase name="integerTest[2](139, 5, 4)" classname="lab0.Variant5Test" time="0.002"/>
  <testcase name="matrixTest[0](2, 2, 6, [I@302f7971, [[D@332729ad)" classname="lab0.Variant5Test" time="0.002"/>
  <testcase name="whileTest[0](8, 3)" classname="lab0.Variant5Test" time="0.003"/>
  <testcase name="whileTest[1](16, 4)" classname="lab0.Variant5Test" time="0.001"/>
  <testcase name="whileTest[2](2, 1)" classname="lab0.Variant5Test" time="0.0"/>
  <system-out><![CDATA[]]></system-out>
  <system-err><![CDATA[]]></system-err>
</testsuite>
